<?xml version="1.0" encoding="UTF-8"?>
<!-- Generated by org.testng.reporters.JUnitXMLReporter -->
<testsuite hostname="DESKTOP-J7DNQ9P" ignored="0" name="Test" tests="1" failures="1" timestamp="03 Apr 2023 04:37:01 GMT" time="18.902" errors="0">
  <testcase name="logintest" time="12.673" classname="com.Fundraiser.Testcases.TC_Login_001">
    <failure type="junit.framework.AssertionFailedError">
      <![CDATA[junit.framework.AssertionFailedError
at junit.framework.Assert.fail(Assert.java:47)
at junit.framework.Assert.assertTrue(Assert.java:20)
at junit.framework.Assert.assertTrue(Assert.java:27)
at com.Fundraiser.Testcases.TC_Login_001.logintest(TC_Login_001.java:40)
... Removed 25 stack frames]]>
    </failure>
  </testcase> <!-- logintest -->
</testsuite> <!-- Test -->
